Source/MyDemoApp/data_sync_app/build/outputs/logs/manifest-merger-debug-report.txt
-- Merging decision tree log ---
manifest
ADDED from src\main\AndroidManifest.xml:2:1-26:12
	package
		ADDED from src\main\AndroidManifest.xml:4:11-46
		INJECTED from src\main\AndroidManifest.xml
		INJECTED from src\main\AndroidManifest.xml
	android:versionName
		INJECTED from src\main\AndroidManifest.xml
		INJECTED from src\main\AndroidManifest.xml
	xmlns:tools
		ADDED from src\main\AndroidManifest.xml:3:11-57
	xmlns:android
		ADDED from src\main\AndroidManifest.xml:2:11-69
	android:versionCode
		INJECTED from src\main\AndroidManifest.xml
		INJECTED from src\main\AndroidManifest.xml
application
ADDED from src\main\AndroidManifest.xml:6:5-24:19
MERGED from [com.android.support:design:23.2.1] AndroidManifest.xml:22:5-20
MERGED from [com.android.support:support-v4:24.1.1] AndroidManifest.xml:25:5-20
MERGED from [com.android.support:appcompat-v7:24.1.1] AndroidManifest.xml:25:5-20
MERGED from [com.android.support:animated-vector-drawable:24.1.1] AndroidManifest.xml:22:5-20
MERGED from [com.android.support:support-vector-drawable:24.1.1] AndroidManifest.xml:23:5-20
MERGED from [com.android.support:support-v4:24.1.1] AndroidManifest.xml:25:5-20
MERGED from [com.android.support:support-v4:24.1.1] AndroidManifest.xml:25:5-20
MERGED from [com.android.support:support-vector-drawable:24.1.1] AndroidManifest.xml:23:5-20
MERGED from [com.android.support:support-v4:24.1.1] AndroidManifest.xml:25:5-20
MERGED from [com.android.support:support-v4:24.1.1] AndroidManifest.xml:25:5-20
MERGED from [com.android.support:appcompat-v7:24.1.1] AndroidManifest.xml:25:5-20
MERGED from [com.android.support:animated-vector-drawable:24.1.1] AndroidManifest.xml:22:5-20
MERGED from [com.android.support:support-vector-drawable:24.1.1] AndroidManifest.xml:23:5-20
MERGED from [com.android.support:support-v4:24.1.1] AndroidManifest.xml:25:5-20
MERGED from [com.android.support:support-v4:24.1.1] AndroidManifest.xml:25:5-20
MERGED from [com.android.support:support-vector-drawable:24.1.1] AndroidManifest.xml:23:5-20
MERGED from [com.android.support:support-v4:24.1.1] AndroidManifest.xml:25:5-20
MERGED from [com.android.support:appcompat-v7:24.1.1] AndroidManifest.xml:25:5-20
MERGED from [com.android.support:animated-vector-drawable:24.1.1] AndroidManifest.xml:22:5-20
MERGED from [com.android.support:support-vector-drawable:24.1.1] AndroidManifest.xml:23:5-20
MERGED from [com.android.support:support-v4:24.1.1] AndroidManifest.xml:25:5-20
MERGED from [com.android.support:support-v4:24.1.1] AndroidManifest.xml:25:5-20
MERGED from [com.android.support:support-vector-drawable:24.1.1] AndroidManifest.xml:23:5-20
MERGED from [com.android.support:support-v4:24.1.1] AndroidManifest.xml:25:5-20
MERGED from [com.philips.cdp:registrationApi:7.1.0-SNAPSHOT] AndroidManifest.xml:16:5-47:19
MERGED from [com.philips.cdp:AppInfra:1.2.0-rc.8] AndroidManifest.xml:15:5-47
MERGED from [com.android.volley:volley:1.0.0] AndroidManifest.xml:9:5-20
MERGED from [com.philips.cdp:prx:2.4.0-SNAPSHOT] AndroidManifest.xml:13:5-16:19
MERGED from [com.android.volley:volley:1.0.0] AndroidManifest.xml:9:5-20
MERGED from [com.android.support:appcompat-v7:24.1.1] AndroidManifest.xml:25:5-20
MERGED from [com.android.support:animated-vector-drawable:24.1.1] AndroidManifest.xml:22:5-20
MERGED from [com.android.support:support-vector-drawable:24.1.1] AndroidManifest.xml:23:5-20
MERGED from [com.android.support:support-v4:24.1.1] AndroidManifest.xml:25:5-20
MERGED from [com.android.support:support-v4:24.1.1] AndroidManifest.xml:25:5-20
MERGED from [com.android.support:support-vector-drawable:24.1.1] AndroidManifest.xml:23:5-20
MERGED from [com.android.support:support-v4:24.1.1] AndroidManifest.xml:25:5-20
MERGED from [com.android.support:appcompat-v7:24.1.1] AndroidManifest.xml:25:5-20
MERGED from [com.android.support:animated-vector-drawable:24.1.1] AndroidManifest.xml:22:5-20
MERGED from [com.android.support:support-vector-drawable:24.1.1] AndroidManifest.xml:23:5-20
MERGED from [com.android.support:support-v4:24.1.1] AndroidManifest.xml:25:5-20
MERGED from [com.android.support:support-v4:24.1.1] AndroidManifest.xml:25:5-20
MERGED from [com.android.support:support-vector-drawable:24.1.1] AndroidManifest.xml:23:5-20
MERGED from [com.android.support:support-v4:24.1.1] AndroidManifest.xml:25:5-20
MERGED from [com.android.support:appcompat-v7:24.1.1] AndroidManifest.xml:25:5-20
MERGED from [com.android.support:animated-vector-drawable:24.1.1] AndroidManifest.xml:22:5-20
MERGED from [com.android.support:support-vector-drawable:24.1.1] AndroidManifest.xml:23:5-20
MERGED from [com.android.support:support-v4:24.1.1] AndroidManifest.xml:25:5-20
MERGED from [com.android.support:support-v4:24.1.1] AndroidManifest.xml:25:5-20
MERGED from [com.android.support:support-vector-drawable:24.1.1] AndroidManifest.xml:23:5-20
MERGED from [com.android.support:support-v4:24.1.1] AndroidManifest.xml:25:5-20
MERGED from [com.philips.cdp:servertime:1.0.3] AndroidManifest.xml:11:5-20:19
MERGED from [com.android.support:appcompat-v7:24.1.1] AndroidManifest.xml:25:5-20
MERGED from [com.android.support:animated-vector-drawable:24.1.1] AndroidManifest.xml:22:5-20
MERGED from [com.android.support:support-vector-drawable:24.1.1] AndroidManifest.xml:23:5-20
MERGED from [com.android.support:support-v4:24.1.1] AndroidManifest.xml:25:5-20
MERGED from [com.android.support:support-v4:24.1.1] AndroidManifest.xml:25:5-20
MERGED from [com.android.support:support-vector-drawable:24.1.1] AndroidManifest.xml:23:5-20
MERGED from [com.android.support:support-v4:24.1.1] AndroidManifest.xml:25:5-20
MERGED from [com.philips.cdp:AppInfra:1.2.0-rc.8] AndroidManifest.xml:15:5-47
MERGED from [com.android.volley:volley:1.0.0] AndroidManifest.xml:9:5-20
MERGED from [com.philips.cdp:prx:2.4.0-SNAPSHOT] AndroidManifest.xml:13:5-16:19
MERGED from [com.android.volley:volley:1.0.0] AndroidManifest.xml:9:5-20
MERGED from [com.android.support:appcompat-v7:24.1.1] AndroidManifest.xml:25:5-20
MERGED from [com.android.support:animated-vector-drawable:24.1.1] AndroidManifest.xml:22:5-20
MERGED from [com.android.support:support-vector-drawable:24.1.1] AndroidManifest.xml:23:5-20
MERGED from [com.android.support:support-v4:24.1.1] AndroidManifest.xml:25:5-20
MERGED from [com.android.support:support-v4:24.1.1] AndroidManifest.xml:25:5-20
MERGED from [com.android.support:support-vector-drawable:24.1.1] AndroidManifest.xml:23:5-20
MERGED from [com.android.support:support-v4:24.1.1] AndroidManifest.xml:25:5-20
MERGED from [com.philips.cdp:servertime:1.0.3] AndroidManifest.xml:11:5-20:19
MERGED from [com.android.support:appcompat-v7:24.1.1] AndroidManifest.xml:25:5-20
MERGED from [com.android.support:animated-vector-drawable:24.1.1] AndroidManifest.xml:22:5-20
MERGED from [com.android.support:support-vector-drawable:24.1.1] AndroidManifest.xml:23:5-20
MERGED from [com.android.support:support-v4:24.1.1] AndroidManifest.xml:25:5-20
MERGED from [com.android.support:support-v4:24.1.1] AndroidManifest.xml:25:5-20
MERGED from [com.android.support:support-vector-drawable:24.1.1] AndroidManifest.xml:23:5-20
MERGED from [com.android.support:support-v4:24.1.1] AndroidManifest.xml:25:5-20
MERGED from [com.philips.cdp:uikitLib:3.2.3] AndroidManifest.xml:11:5-14:19
MERGED from [uk.co.chrisjenx:calligraphy:2.1.0] AndroidManifest.xml:11:5-20
MERGED from [com.android.support:appcompat-v7:24.1.1] AndroidManifest.xml:25:5-20
MERGED from [com.android.support:animated-vector-drawable:24.1.1] AndroidManifest.xml:22:5-20
MERGED from [com.android.support:support-vector-drawable:24.1.1] AndroidManifest.xml:23:5-20
MERGED from [com.android.support:support-v4:24.1.1] AndroidManifest.xml:25:5-20
MERGED from [com.android.support:support-v4:24.1.1] AndroidManifest.xml:25:5-20
MERGED from [com.android.support:support-vector-drawable:24.1.1] AndroidManifest.xml:23:5-20
MERGED from [com.android.support:support-v4:24.1.1] AndroidManifest.xml:25:5-20
MERGED from [com.android.support:cardview-v7:23.2.1] AndroidManifest.xml:22:5-20
MERGED from [com.android.support:support-v4:24.1.1] AndroidManifest.xml:25:5-20
MERGED from [com.shamanland:fonticon:0.1.8] AndroidManifest.xml:12:5-20
MERGED from [com.android.support:design:23.2.1] AndroidManifest.xml:22:5-20
MERGED from [com.android.support:support-v4:24.1.1] AndroidManifest.xml:25:5-20
MERGED from [com.android.support:appcompat-v7:24.1.1] AndroidManifest.xml:25:5-20
MERGED from [com.android.support:animated-vector-drawable:24.1.1] AndroidManifest.xml:22:5-20
MERGED from [com.android.support:support-vector-drawable:24.1.1] AndroidManifest.xml:23:5-20
MERGED from [com.android.support:support-v4:24.1.1] AndroidManifest.xml:25:5-20
MERGED from [com.android.support:support-v4:24.1.1] AndroidManifest.xml:25:5-20
MERGED from [com.android.support:support-vector-drawable:24.1.1] AndroidManifest.xml:23:5-20
MERGED from [com.android.support:support-v4:24.1.1] AndroidManifest.xml:25:5-20
MERGED from [com.android.support:support-v4:24.1.1] AndroidManifest.xml:25:5-20
MERGED from [com.android.support:appcompat-v7:24.1.1] AndroidManifest.xml:25:5-20
MERGED from [com.android.support:animated-vector-drawable:24.1.1] AndroidManifest.xml:22:5-20
MERGED from [com.android.support:support-vector-drawable:24.1.1] AndroidManifest.xml:23:5-20
MERGED from [com.android.support:support-v4:24.1.1] AndroidManifest.xml:25:5-20
MERGED from [com.android.support:support-v4:24.1.1] AndroidManifest.xml:25:5-20
MERGED from [com.android.support:support-vector-drawable:24.1.1] AndroidManifest.xml:23:5-20
MERGED from [com.android.support:support-v4:24.1.1] AndroidManifest.xml:25:5-20
MERGED from [com.philips.cdp:AppInfra:1.2.0-rc.8] AndroidManifest.xml:15:5-47
MERGED from [com.android.volley:volley:1.0.0] AndroidManifest.xml:9:5-20
MERGED from [com.philips.cdp:prx:2.4.0-SNAPSHOT] AndroidManifest.xml:13:5-16:19
MERGED from [com.android.volley:volley:1.0.0] AndroidManifest.xml:9:5-20
MERGED from [com.android.support:appcompat-v7:24.1.1] AndroidManifest.xml:25:5-20
MERGED from [com.android.support:animated-vector-drawable:24.1.1] AndroidManifest.xml:22:5-20
MERGED from [com.android.support:support-vector-drawable:24.1.1] AndroidManifest.xml:23:5-20
MERGED from [com.android.support:support-v4:24.1.1] AndroidManifest.xml:25:5-20
MERGED from [com.android.support:support-v4:24.1.1] AndroidManifest.xml:25:5-20
MERGED from [com.android.support:support-vector-drawable:24.1.1] AndroidManifest.xml:23:5-20
MERGED from [com.android.support:support-v4:24.1.1] AndroidManifest.xml:25:5-20
	android:label
		ADDED from src\main\AndroidManifest.xml:11:9-51
		REJECTED from [com.philips.cdp:prx:2.4.0-SNAPSHOT] AndroidManifest.xml:15:9-41
		REJECTED from [com.philips.cdp:servertime:1.0.3] AndroidManifest.xml:13:9-41
		REJECTED from [com.philips.cdp:prx:2.4.0-SNAPSHOT] AndroidManifest.xml:15:9-41
		REJECTED from [com.philips.cdp:servertime:1.0.3] AndroidManifest.xml:13:9-41
		REJECTED from [com.philips.cdp:uikitLib:3.2.3] AndroidManifest.xml:13:9-41
		REJECTED from [com.philips.cdp:prx:2.4.0-SNAPSHOT] AndroidManifest.xml:15:9-41
	android:supportsRtl
		ADDED from src\main\AndroidManifest.xml:12:9-35
	android:hardwareAccelerated
		ADDED from src\main\AndroidManifest.xml:9:9-43
	android:allowBackup
		ADDED from src\main\AndroidManifest.xml:8:9-35
	android:icon
		ADDED from src\main\AndroidManifest.xml:10:9-43
	android:theme
		ADDED from src\main\AndroidManifest.xml:13:9-70
	tools:replace
		ADDED from src\main\AndroidManifest.xml:14:9-38
	android:name
		ADDED from src\main\AndroidManifest.xml:7:9-74
activity#cdp.philips.com.mydemoapp.activity.DemoActivity
ADDED from src\main\AndroidManifest.xml:16:9-22:20
	android:name
		ADDED from src\main\AndroidManifest.xml:16:19-56
intent-filter#android.intent.action.MAIN+android.intent.category.LAUNCHER
ADDED from src\main\AndroidManifest.xml:17:13-21:29
action#android.intent.action.MAIN
ADDED from src\main\AndroidManifest.xml:18:17-69
	android:name
		ADDED from src\main\AndroidManifest.xml:18:25-66
category#android.intent.category.LAUNCHER
ADDED from src\main\AndroidManifest.xml:20:17-77
	android:name
		ADDED from src\main\AndroidManifest.xml:20:27-74
uses-sdk
INJECTED from src\main\AndroidManifest.xml reason: use-sdk injection requested
MERGED from [com.android.support:multidex:1.0.1] AndroidManifest.xml:18:5-42
MERGED from [com.android.support:design:23.2.1] AndroidManifest.xml:20:5-43
MERGED from [com.android.support:support-v4:24.1.1] AndroidManifest.xml:21:5-23:54
MERGED from [com.android.support:appcompat-v7:24.1.1] AndroidManifest.xml:21:5-23:78
MERGED from [com.android.support:animated-vector-drawable:24.1.1] AndroidManifest.xml:20:5-44
MERGED from [com.android.support:support-vector-drawable:24.1.1] AndroidManifest.xml:21:5-43
MERGED from [com.android.support:support-v4:24.1.1] AndroidManifest.xml:21:5-23:54
MERGED from [com.android.support:support-v4:24.1.1] AndroidManifest.xml:21:5-23:54
MERGED from [com.android.support:support-vector-drawable:24.1.1] AndroidManifest.xml:21:5-43
MERGED from [com.android.support:support-v4:24.1.1] AndroidManifest.xml:21:5-23:54
MERGED from [com.android.support:recyclerview-v7:23.2.1] AndroidManifest.xml:20:5-43
MERGED from [com.android.support:support-v4:24.1.1] AndroidManifest.xml:21:5-23:54
MERGED from [com.android.support:appcompat-v7:24.1.1] AndroidManifest.xml:21:5-23:78
MERGED from [com.android.support:animated-vector-drawable:24.1.1] AndroidManifest.xml:20:5-44
MERGED from [com.android.support:support-vector-drawable:24.1.1] AndroidManifest.xml:21:5-43
MERGED from [com.android.support:support-v4:24.1.1] AndroidManifest.xml:21:5-23:54
MERGED from [com.android.support:support-v4:24.1.1] AndroidManifest.xml:21:5-23:54
MERGED from [com.android.support:support-vector-drawable:24.1.1] AndroidManifest.xml:21:5-43
MERGED from [com.android.support:support-v4:24.1.1] AndroidManifest.xml:21:5-23:54
MERGED from [MyDemoApp:dataServices:unspecified] AndroidManifest.xml:13:5-15:41
MERGED from [net.danlew:android.joda:2.9.2] AndroidManifest.xml:6:5-43
MERGED from [com.android.support:appcompat-v7:24.1.1] AndroidManifest.xml:21:5-23:78
MERGED from [com.android.support:animated-vector-drawable:24.1.1] AndroidManifest.xml:20:5-44
MERGED from [com.android.support:support-vector-drawable:24.1.1] AndroidManifest.xml:21:5-43
MERGED from [com.android.support:support-v4:24.1.1] AndroidManifest.xml:21:5-23:54
MERGED from [com.android.support:support-v4:24.1.1] AndroidManifest.xml:21:5-23:54
MERGED from [com.android.support:support-vector-drawable:24.1.1] AndroidManifest.xml:21:5-43
MERGED from [com.android.support:support-v4:24.1.1] AndroidManifest.xml:21:5-23:54
MERGED from [com.philips.cdp:registrationApi:7.1.0-SNAPSHOT] AndroidManifest.xml:7:5-9:41
MERGED from [com.philips.cdp:uAppFwLib:0.1.0-SNAPSHOT] AndroidManifest.xml:7:5-9:41
MERGED from [com.philips.cdp:AppInfra:1.2.0-rc.8] AndroidManifest.xml:7:5-9:41
MERGED from [com.android.volley:volley:1.0.0] AndroidManifest.xml:7:5-43
MERGED from [com.philips.cdp:localeMatch:2.2.0-SNAPSHOT] AndroidManifest.xml:7:5-9:41
MERGED from [com.philips.cdp:prx:2.4.0-SNAPSHOT] AndroidManifest.xml:7:5-9:41
MERGED from [com.android.volley:volley:1.0.0] AndroidManifest.xml:7:5-43
MERGED from [com.philips.cdp:localeMatch:2.2.0-SNAPSHOT] AndroidManifest.xml:7:5-9:41
MERGED from [com.android.support:appcompat-v7:24.1.1] AndroidManifest.xml:21:5-23:78
MERGED from [com.android.support:animated-vector-drawable:24.1.1] AndroidManifest.xml:20:5-44
MERGED from [com.android.support:support-vector-drawable:24.1.1] AndroidManifest.xml:21:5-43
MERGED from [com.android.support:support-v4:24.1.1] AndroidManifest.xml:21:5-23:54
MERGED from [com.android.support:support-v4:24.1.1] AndroidManifest.xml:21:5-23:54
MERGED from [com.android.support:support-vector-drawable:24.1.1] AndroidManifest.xml:21:5-43
MERGED from [com.android.support:support-v4:24.1.1] AndroidManifest.xml:21:5-23:54
MERGED from [com.android.support:appcompat-v7:24.1.1] AndroidManifest.xml:21:5-23:78
MERGED from [com.android.support:animated-vector-drawable:24.1.1] AndroidManifest.xml:20:5-44
MERGED from [com.android.support:support-vector-drawable:24.1.1] AndroidManifest.xml:21:5-43
MERGED from [com.android.support:support-v4:24.1.1] AndroidManifest.xml:21:5-23:54
MERGED from [com.android.support:support-v4:24.1.1] AndroidManifest.xml:21:5-23:54
MERGED from [com.android.support:support-vector-drawable:24.1.1] AndroidManifest.xml:21:5-43
MERGED from [com.android.support:support-v4:24.1.1] AndroidManifest.xml:21:5-23:54
MERGED from [com.philips.cdp:jump:6.0.5-SNAPSHOT] AndroidManifest.xml:6:5-8:41
MERGED from [com.android.support:appcompat-v7:24.1.1] AndroidManifest.xml:21:5-23:78
MERGED from [com.android.support:animated-vector-drawable:24.1.1] AndroidManifest.xml:20:5-44
MERGED from [com.android.support:support-vector-drawable:24.1.1] AndroidManifest.xml:21:5-43
MERGED from [com.android.support:support-v4:24.1.1] AndroidManifest.xml:21:5-23:54
MERGED from [com.android.support:support-v4:24.1.1] AndroidManifest.xml:21:5-23:54
MERGED from [com.android.support:support-vector-drawable:24.1.1] AndroidManifest.xml:21:5-43
MERGED from [com.android.support:support-v4:24.1.1] AndroidManifest.xml:21:5-23:54
MERGED from [com.philips.cdp:servertime:1.0.3] AndroidManifest.xml:7:5-9:41
MERGED from [com.android.support:appcompat-v7:24.1.1] AndroidManifest.xml:21:5-23:78
MERGED from [com.android.support:animated-vector-drawable:24.1.1] AndroidManifest.xml:20:5-44
MERGED from [com.android.support:support-vector-drawable:24.1.1] AndroidManifest.xml:21:5-43
MERGED from [com.android.support:support-v4:24.1.1] AndroidManifest.xml:21:5-23:54
MERGED from [com.android.support:support-v4:24.1.1] AndroidManifest.xml:21:5-23:54
MERGED from [com.android.support:support-vector-drawable:24.1.1] AndroidManifest.xml:21:5-43
MERGED from [com.android.support:support-v4:24.1.1] AndroidManifest.xml:21:5-23:54
MERGED from [com.philips.cdp:AppInfra:1.2.0-rc.8] AndroidManifest.xml:7:5-9:41
MERGED from [com.android.volley:volley:1.0.0] AndroidManifest.xml:7:5-43
MERGED from [com.philips.cdp:localeMatch:2.2.0-SNAPSHOT] AndroidManifest.xml:7:5-9:41
MERGED from [com.philips.cdp:prx:2.4.0-SNAPSHOT] AndroidManifest.xml:7:5-9:41
MERGED from [com.android.volley:volley:1.0.0] AndroidManifest.xml:7:5-43
MERGED from [com.philips.cdp:localeMatch:2.2.0-SNAPSHOT] AndroidManifest.xml:7:5-9:41
MERGED from [com.android.support:appcompat-v7:24.1.1] AndroidManifest.xml:21:5-23:78
MERGED from [com.android.support:animated-vector-drawable:24.1.1] AndroidManifest.xml:20:5-44
MERGED from [com.android.support:support-vector-drawable:24.1.1] AndroidManifest.xml:21:5-43
MERGED from [com.android.support:support-v4:24.1.1] AndroidManifest.xml:21:5-23:54
MERGED from [com.android.support:support-v4:24.1.1] AndroidManifest.xml:21:5-23:54
MERGED from [com.android.support:support-vector-drawable:24.1.1] AndroidManifest.xml:21:5-43
MERGED from [com.android.support:support-v4:24.1.1] AndroidManifest.xml:21:5-23:54
MERGED from [com.philips.cdp:hsdp:1.0.4] AndroidManifest.xml:7:5-9:41
MERGED from [com.philips.cdp:servertime:1.0.3] AndroidManifest.xml:7:5-9:41
MERGED from [com.android.support:appcompat-v7:24.1.1] AndroidManifest.xml:21:5-23:78
MERGED from [com.android.support:animated-vector-drawable:24.1.1] AndroidManifest.xml:20:5-44
MERGED from [com.android.support:support-vector-drawable:24.1.1] AndroidManifest.xml:21:5-43
MERGED from [com.android.support:support-v4:24.1.1] AndroidManifest.xml:21:5-23:54
MERGED from [com.android.support:support-v4:24.1.1] AndroidManifest.xml:21:5-23:54
MERGED from [com.android.support:support-vector-drawable:24.1.1] AndroidManifest.xml:21:5-43
MERGED from [com.android.support:support-v4:24.1.1] AndroidManifest.xml:21:5-23:54
MERGED from [com.philips.cdp:uikitLib:3.2.3] AndroidManifest.xml:7:5-9:41
MERGED from [uk.co.chrisjenx:calligraphy:2.1.0] AndroidManifest.xml:7:5-9:41
MERGED from [com.android.support:appcompat-v7:24.1.1] AndroidManifest.xml:21:5-23:78
MERGED from [com.android.support:animated-vector-drawable:24.1.1] AndroidManifest.xml:20:5-44
MERGED from [com.android.support:support-vector-drawable:24.1.1] AndroidManifest.xml:21:5-43
MERGED from [com.android.support:support-v4:24.1.1] AndroidManifest.xml:21:5-23:54
MERGED from [com.android.support:support-v4:24.1.1] AndroidManifest.xml:21:5-23:54
MERGED from [com.android.support:support-vector-drawable:24.1.1] AndroidManifest.xml:21:5-43
MERGED from [com.android.support:support-v4:24.1.1] AndroidManifest.xml:21:5-23:54
MERGED from [com.android.support:cardview-v7:23.2.1] AndroidManifest.xml:20:5-43
MERGED from [com.android.support:recyclerview-v7:23.2.1] AndroidManifest.xml:20:5-43
MERGED from [com.android.support:support-v4:24.1.1] AndroidManifest.xml:21:5-23:54
MERGED from [com.shamanland:fonticon:0.1.8] AndroidManifest.xml:8:5-10:41
MERGED from [com.android.support:design:23.2.1] AndroidManifest.xml:20:5-43
MERGED from [com.android.support:support-v4:24.1.1] AndroidManifest.xml:21:5-23:54
MERGED from [com.android.support:appcompat-v7:24.1.1] AndroidManifest.xml:21:5-23:78
MERGED from [com.android.support:animated-vector-drawable:24.1.1] AndroidManifest.xml:20:5-44
MERGED from [com.android.support:support-vector-drawable:24.1.1] AndroidManifest.xml:21:5-43
MERGED from [com.android.support:support-v4:24.1.1] AndroidManifest.xml:21:5-23:54
MERGED from [com.android.support:support-v4:24.1.1] AndroidManifest.xml:21:5-23:54
MERGED from [com.android.support:support-vector-drawable:24.1.1] AndroidManifest.xml:21:5-43
MERGED from [com.android.support:support-v4:24.1.1] AndroidManifest.xml:21:5-23:54
MERGED from [com.android.support:recyclerview-v7:23.2.1] AndroidManifest.xml:20:5-43
MERGED from [com.android.support:support-v4:24.1.1] AndroidManifest.xml:21:5-23:54
MERGED from [com.android.support:appcompat-v7:24.1.1] AndroidManifest.xml:21:5-23:78
MERGED from [com.android.support:animated-vector-drawable:24.1.1] AndroidManifest.xml:20:5-44
MERGED from [com.android.support:support-vector-drawable:24.1.1] AndroidManifest.xml:21:5-43
MERGED from [com.android.support:support-v4:24.1.1] AndroidManifest.xml:21:5-23:54
MERGED from [com.android.support:support-v4:24.1.1] AndroidManifest.xml:21:5-23:54
MERGED from [com.android.support:support-vector-drawable:24.1.1] AndroidManifest.xml:21:5-43
MERGED from [com.android.support:support-v4:24.1.1] AndroidManifest.xml:21:5-23:54
MERGED from [com.philips.cdp:AppInfra:1.2.0-rc.8] AndroidManifest.xml:7:5-9:41
MERGED from [com.android.volley:volley:1.0.0] AndroidManifest.xml:7:5-43
MERGED from [com.philips.cdp:localeMatch:2.2.0-SNAPSHOT] AndroidManifest.xml:7:5-9:41
MERGED from [com.philips.cdp:prx:2.4.0-SNAPSHOT] AndroidManifest.xml:7:5-9:41
MERGED from [com.android.volley:volley:1.0.0] AndroidManifest.xml:7:5-43
MERGED from [com.philips.cdp:localeMatch:2.2.0-SNAPSHOT] AndroidManifest.xml:7:5-9:41
MERGED from [com.android.support:appcompat-v7:24.1.1] AndroidManifest.xml:21:5-23:78
MERGED from [com.android.support:animated-vector-drawable:24.1.1] AndroidManifest.xml:20:5-44
MERGED from [com.android.support:support-vector-drawable:24.1.1] AndroidManifest.xml:21:5-43
MERGED from [com.android.support:support-v4:24.1.1] AndroidManifest.xml:21:5-23:54
MERGED from [com.android.support:support-v4:24.1.1] AndroidManifest.xml:21:5-23:54
MERGED from [com.android.support:support-vector-drawable:24.1.1] AndroidManifest.xml:21:5-43
MERGED from [com.android.support:support-v4:24.1.1] AndroidManifest.xml:21:5-23:54
	tools:overrideLibrary
		ADDED from [com.android.support:support-v4:24.1.1] AndroidManifest.xml:23:9-51
	android:targetSdkVersion
		INJECTED from src\main\AndroidManifest.xml
		INJECTED from src\main\AndroidManifest.xml
	android:minSdkVersion
		INJECTED from src\main\AndroidManifest.xml
		INJECTED from src\main\AndroidManifest.xml
uses-permission#android.permission.INTERNET
ADDED from [com.philips.cdp:registrationApi:7.1.0-SNAPSHOT] AndroidManifest.xml:12:5-67
MERGED from [com.philips.cdp:AppInfra:1.2.0-rc.8] AndroidManifest.xml:11:5-67
MERGED from [com.philips.cdp:prx:2.4.0-SNAPSHOT] AndroidManifest.xml:11:5-67
MERGED from [com.philips.cdp:jump:6.0.5-SNAPSHOT] AndroidManifest.xml:22:5-67
MERGED from [com.philips.cdp:AppInfra:1.2.0-rc.8] AndroidManifest.xml:11:5-67
MERGED from [com.philips.cdp:prx:2.4.0-SNAPSHOT] AndroidManifest.xml:11:5-67
MERGED from [com.philips.cdp:hsdp:1.0.4] AndroidManifest.xml:11:5-67
MERGED from [com.philips.cdp:AppInfra:1.2.0-rc.8] AndroidManifest.xml:11:5-67
MERGED from [com.philips.cdp:prx:2.4.0-SNAPSHOT] AndroidManifest.xml:11:5-67
	android:name
		ADDED from [com.philips.cdp:registrationApi:7.1.0-SNAPSHOT] AndroidManifest.xml:12:22-64
uses-permission#android.permission.ACCESS_NETWORK_STATE
ADDED from [com.philips.cdp:registrationApi:7.1.0-SNAPSHOT] AndroidManifest.xml:13:5-79
MERGED from [com.philips.cdp:AppInfra:1.2.0-rc.8] AndroidManifest.xml:12:5-79
MERGED from [com.philips.cdp:AppInfra:1.2.0-rc.8] AndroidManifest.xml:12:5-79
MERGED from [com.philips.cdp:AppInfra:1.2.0-rc.8] AndroidManifest.xml:12:5-79
	android:name
		ADDED from [com.philips.cdp:registrationApi:7.1.0-SNAPSHOT] AndroidManifest.xml:13:22-76
uses-permission#android.permission.ACCESS_WIFI_STATE
ADDED from [com.philips.cdp:registrationApi:7.1.0-SNAPSHOT] AndroidManifest.xml:14:5-76
MERGED from [com.philips.cdp:AppInfra:1.2.0-rc.8] AndroidManifest.xml:13:5-76
MERGED from [com.philips.cdp:AppInfra:1.2.0-rc.8] AndroidManifest.xml:13:5-76
MERGED from [com.philips.cdp:AppInfra:1.2.0-rc.8] AndroidManifest.xml:13:5-76
	android:name
		ADDED from [com.philips.cdp:registrationApi:7.1.0-SNAPSHOT] AndroidManifest.xml:14:22-73
activity#com.philips.cdp.registration.ui.traditional.RegistrationActivity
ADDED from [com.philips.cdp:registrationApi:7.1.0-SNAPSHOT] AndroidManifest.xml:19:9-21:62
	android:configChanges
		ADDED from [com.philips.cdp:registrationApi:7.1.0-SNAPSHOT] AndroidManifest.xml:21:13-59
	android:name
		ADDED from [com.philips.cdp:registrationApi:7.1.0-SNAPSHOT] AndroidManifest.xml:20:13-92
activity#com.janrain.android.engage.ui.JRFragmentHostActivity
ADDED from [com.philips.cdp:registrationApi:7.1.0-SNAPSHOT] AndroidManifest.xml:24:9-28:70
	android:windowSoftInputMode
		ADDED from [com.philips.cdp:registrationApi:7.1.0-SNAPSHOT] AndroidManifest.xml:28:13-67
	android:configChanges
		ADDED from [com.philips.cdp:registrationApi:7.1.0-SNAPSHOT] AndroidManifest.xml:26:13-107
	android:theme
		ADDED from [com.philips.cdp:registrationApi:7.1.0-SNAPSHOT] AndroidManifest.xml:27:13-62
	android:name
		ADDED from [com.philips.cdp:registrationApi:7.1.0-SNAPSHOT] AndroidManifest.xml:25:13-80
activity#com.janrain.android.engage.ui.JRFragmentHostActivity$Fullscreen
ADDED from [com.philips.cdp:registrationApi:7.1.0-SNAPSHOT] AndroidManifest.xml:29:9-33:70
	android:windowSoftInputMode
		ADDED from [com.philips.cdp:registrationApi:7.1.0-SNAPSHOT] AndroidManifest.xml:33:13-67
	android:configChanges
		ADDED from [com.philips.cdp:registrationApi:7.1.0-SNAPSHOT] AndroidManifest.xml:31:13-107
	android:theme
		ADDED from [com.philips.cdp:registrationApi:7.1.0-SNAPSHOT] AndroidManifest.xml:32:13-49
	android:name
		ADDED from [com.philips.cdp:registrationApi:7.1.0-SNAPSHOT] AndroidManifest.xml:30:13-91
receiver#com.philips.cdp.registration.ui.utils.NetworkStateReceiver
ADDED from [com.philips.cdp:registrationApi:7.1.0-SNAPSHOT] AndroidManifest.xml:39:9-43:20
	android:name
		ADDED from [com.philips.cdp:registrationApi:7.1.0-SNAPSHOT] AndroidManifest.xml:39:19-92
intent-filter#android.net.conn.CONNECTIVITY_CHANGE
ADDED from [com.philips.cdp:registrationApi:7.1.0-SNAPSHOT] AndroidManifest.xml:40:13-42:29
action#android.net.conn.CONNECTIVITY_CHANGE
ADDED from [com.philips.cdp:registrationApi:7.1.0-SNAPSHOT] AndroidManifest.xml:41:17-79
	android:name
		ADDED from [com.philips.cdp:registrationApi:7.1.0-SNAPSHOT] AndroidManifest.xml:41:25-76
receiver#com.philips.cdp.recievers.DateTimeChangedReceiver
ADDED from [com.philips.cdp:servertime:1.0.3] AndroidManifest.xml:14:9-19:20
MERGED from [com.philips.cdp:servertime:1.0.3] AndroidManifest.xml:14:9-19:20
	android:name
		ADDED from [com.philips.cdp:servertime:1.0.3] AndroidManifest.xml:14:19-83
intent-filter#android.intent.action.DATE_CHANGED+android.intent.action.TIME_SET
ADDED from [com.philips.cdp:servertime:1.0.3] AndroidManifest.xml:15:13-18:29
	android:priority
		ADDED from [com.philips.cdp:servertime:1.0.3] AndroidManifest.xml:15:28-50
action#android.intent.action.DATE_CHANGED
ADDED from [com.philips.cdp:servertime:1.0.3] AndroidManifest.xml:16:17-77
	android:name
		ADDED from [com.philips.cdp:servertime:1.0.3] AndroidManifest.xml:16:25-74
action#android.intent.action.TIME_SET
ADDED from [com.philips.cdp:servertime:1.0.3] AndroidManifest.xml:17:17-73
	android:name
		ADDED from [com.philips.cdp:servertime:1.0.3] AndroidManifest.xml:17:25-70